<?xml version="1.0" encoding="UTF-8"?>

<mule xmlns:xsi="http://www.w3.org/2001/XMLSchema-instance"
	xmlns:munit="http://www.mulesoft.org/schema/mule/munit" xmlns:munit-tools="http://www.mulesoft.org/schema/mule/munit-tools"
	xmlns="http://www.mulesoft.org/schema/mule/core" xmlns:doc="http://www.mulesoft.org/schema/mule/documentation"
	xsi:schemaLocation="
		http://www.mulesoft.org/schema/mule/core http://www.mulesoft.org/schema/mule/core/current/mule.xsd
		http://www.mulesoft.org/schema/mule/munit http://www.mulesoft.org/schema/mule/munit/current/mule-munit.xsd
		http://www.mulesoft.org/schema/mule/munit-tools  http://www.mulesoft.org/schema/mule/munit-tools/current/mule-munit-tools.xsd">
	<munit:config name="test-splunk.xml" />
	<munit:test name="test-splunkTest" doc:id="8527f8a8-908d-4a92-96cb-2fba4dc421a3" >
		<munit:behavior >
			<munit-tools:mock-when doc:name="Mock when" doc:id="71e14c22-9b35-4c57-92d3-8ea0391216b8" processor="http:request">
				<munit-tools:with-attributes >
					<munit-tools:with-attribute whereValue="8ec2f340-4f04-4c6e-8a71-a5bd0b98b4c0" attributeName="doc:id" />
				</munit-tools:with-attributes>
				<munit-tools:then-return >
					<munit-tools:payload value='#[MunitTools::getResourceAsString("mockSplunkResponse.json")]' mediaType="application/json" />
				</munit-tools:then-return>
			</munit-tools:mock-when>
		</munit:behavior>
		<munit:execution >
			<flow-ref doc:name="Flow Reference" doc:id="52943df7-700c-4935-832e-cd3735f46c72" name="send-events"/>
		</munit:execution>
	</munit:test>

</mule>
